# JRE version: Java(TM) SE Runtime Environment (8.0_144-b01) (build 1.8.0_144-b01)
# Java VM: Java HotSpot(TM) 64-Bit Server VM (25.144-b01 mixed mode windows-amd64 compressed oops)
Heap:
 PSYoungGen      total 212480K, used 206469K [0x00000000eab00000, 0x00000000fa880000, 0x0000000100000000)
  eden space 167424K, 96% used [0x00000000eab00000,0x00000000f48a5480,0x00000000f4e80000)
  from space 45056K, 99% used [0x00000000f4e80000,0x00000000f7a7c330,0x00000000f7a80000)
  to   space 43008K, 0% used [0x00000000f7a80000,0x00000000f7a80000,0x00000000fa480000)
 ParOldGen       total 380928K, used 76723K [0x00000000c0000000, 0x00000000d7400000, 0x00000000eab00000)
  object space 380928K, 20% used [0x00000000c0000000,0x00000000c4aecff0,0x00000000d7400000)
 Metaspace       used 74647K, capacity 77566K, committed 77696K, reserved 1116160K
  class space    used 9989K, capacity 10624K, committed 10624K, reserved 1048576K
GC Heap History (10 events):
Event: 52.146 GC heap before
{Heap before GC invocations=24 (full 3):
 PSYoungGen      total 178688K, used 170709K [0x00000000eab00000, 0x00000000f8d00000, 0x0000000100000000)
  eden space 140288K, 100% used [0x00000000eab00000,0x00000000f3400000,0x00000000f3400000)
  from space 38400K, 79% used [0x00000000f5c00000,0x00000000f79b56b0,0x00000000f8180000)
  to   space 40960K, 0% used [0x00000000f3400000,0x00000000f3400000,0x00000000f5c00000)
 ParOldGen       total 380928K, used 45801K [0x00000000c0000000, 0x00000000d7400000, 0x00000000eab00000)
  object space 380928K, 12% used [0x00000000c0000000,0x00000000c2cba680,0x00000000d7400000)
 Metaspace       used 72509K, capacity 75200K, committed 75520K, reserved 1114112K
  class space    used 9762K, capacity 10389K, committed 10496K, reserved 1048576K
Event: 52.185 GC heap after
Heap after GC invocations=24 (full 3):
 PSYoungGen      total 181248K, used 30895K [0x00000000eab00000, 0x00000000fa480000, 0x0000000100000000)
  eden space 140288K, 0% used [0x00000000eab00000,0x00000000eab00000,0x00000000f3400000)
  from space 40960K, 75% used [0x00000000f3400000,0x00000000f522be40,0x00000000f5c00000)
  to   space 43008K, 0% used [0x00000000f7a80000,0x00000000f7a80000,0x00000000fa480000)
 ParOldGen       total 380928K, used 45801K [0x00000000c0000000, 0x00000000d7400000, 0x00000000eab00000)
  object space 380928K, 12% used [0x00000000c0000000,0x00000000c2cba680,0x00000000d7400000)
 Metaspace       used 72509K, capacity 75200K, committed 75520K, reserved 1114112K
  class space    used 9762K, capacity 10389K, committed 10496K, reserved 1048576K
}
Event: 52.836 GC heap before
{Heap before GC invocations=25 (full 3):
 PSYoungGen      total 181248K, used 171183K [0x00000000eab00000, 0x00000000fa480000, 0x0000000100000000)
  eden space 140288K, 100% used [0x00000000eab00000,0x00000000f3400000,0x00000000f3400000)
  from space 40960K, 75% used [0x00000000f3400000,0x00000000f522be40,0x00000000f5c00000)
  to   space 43008K, 0% used [0x00000000f7a80000,0x00000000f7a80000,0x00000000fa480000)
 ParOldGen       total 380928K, used 45801K [0x00000000c0000000, 0x00000000d7400000, 0x00000000eab00000)
  object space 380928K, 12% used [0x00000000c0000000,0x00000000c2cba680,0x00000000d7400000)
 Metaspace       used 72536K, capacity 75204K, committed 75520K, reserved 1114112K
  class space    used 9762K, capacity 10389K, committed 10496K, reserved 1048576K
Event: 52.866 GC heap after
Heap after GC invocations=25 (full 3):
 PSYoungGen      total 210432K, used 31788K [0x00000000eab00000, 0x00000000fa880000, 0x0000000100000000)
  eden space 167424K, 0% used [0x00000000eab00000,0x00000000eab00000,0x00000000f4e80000)
  from space 43008K, 73% used [0x00000000f7a80000,0x00000000f998b0b0,0x00000000fa480000)
  to   space 45056K, 0% used [0x00000000f4e80000,0x00000000f4e80000,0x00000000f7a80000)
 ParOldGen       total 380928K, used 45801K [0x00000000c0000000, 0x00000000d7400000, 0x00000000eab00000)
  object space 380928K, 12% used [0x00000000c0000000,0x00000000c2cba680,0x00000000d7400000)
 Metaspace       used 72536K, capacity 75204K, committed 75520K, reserved 1114112K
  class space    used 9762K, capacity 10389K, committed 10496K, reserved 1048576K
}
Event: 53.621 GC heap before
{Heap before GC invocations=26 (full 3):
 PSYoungGen      total 210432K, used 199212K [0x00000000eab00000, 0x00000000fa880000, 0x0000000100000000)
  eden space 167424K, 100% used [0x00000000eab00000,0x00000000f4e80000,0x00000000f4e80000)
  from space 43008K, 73% used [0x00000000f7a80000,0x00000000f998b0b0,0x00000000fa480000)
  to   space 45056K, 0% used [0x00000000f4e80000,0x00000000f4e80000,0x00000000f7a80000)
 ParOldGen       total 380928K, used 45801K [0x00000000c0000000, 0x00000000d7400000, 0x00000000eab00000)
  object space 380928K, 12% used [0x00000000c0000000,0x00000000c2cba680,0x00000000d7400000)
 Metaspace       used 72717K, capacity 75434K, committed 75776K, reserved 1114112K
  class space    used 9771K, capacity 10392K, committed 10496K, reserved 1048576K
Event: 53.660 GC heap after
Heap after GC invocations=26 (full 3):
 PSYoungGen      total 212480K, used 31311K [0x00000000eab00000, 0x00000000fa880000, 0x0000000100000000)
  eden space 167424K, 0% used [0x00000000eab00000,0x00000000eab00000,0x00000000f4e80000)
  from space 45056K, 69% used [0x00000000f4e80000,0x00000000f6d13ee8,0x00000000f7a80000)
  to   space 43008K, 0% used [0x00000000f7a80000,0x00000000f7a80000,0x00000000fa480000)
 ParOldGen       total 380928K, used 45809K [0x00000000c0000000, 0x00000000d7400000, 0x00000000eab00000)
  object space 380928K, 12% used [0x00000000c0000000,0x00000000c2cbc680,0x00000000d7400000)
 Metaspace       used 72717K, capacity 75434K, committed 75776K, reserved 1114112K
  class space    used 9771K, capacity 10392K, committed 10496K, reserved 1048576K
}
Event: 58.373 GC heap before
{Heap before GC invocations=27 (full 3):
 PSYoungGen      total 212480K, used 198604K [0x00000000eab00000, 0x00000000fa880000, 0x0000000100000000)
  eden space 167424K, 99% used [0x00000000eab00000,0x00000000f4e5f158,0x00000000f4e80000)
  from space 45056K, 69% used [0x00000000f4e80000,0x00000000f6d13ee8,0x00000000f7a80000)
  to   space 43008K, 0% used [0x00000000f7a80000,0x00000000f7a80000,0x00000000fa480000)
 ParOldGen       total 380928K, used 45809K [0x00000000c0000000, 0x00000000d7400000, 0x00000000eab00000)
  object space 380928K, 12% used [0x00000000c0000000,0x00000000c2cbc680,0x00000000d7400000)
 Metaspace       used 73494K, capacity 76198K, committed 76288K, reserved 1116160K
  class space    used 9834K, capacity 10452K, committed 10496K, reserved 1048576K
Event: 58.424 GC heap after
Heap after GC invocations=27 (full 3):
 PSYoungGen      total 210432K, used 42993K [0x00000000eab00000, 0x00000000fa880000, 0x0000000100000000)
  eden space 167424K, 0% used [0x00000000eab00000,0x00000000eab00000,0x00000000f4e80000)
  from space 43008K, 99% used [0x00000000f7a80000,0x00000000fa47c508,0x00000000fa480000)
  to   space 45056K, 0% used [0x00000000f4e80000,0x00000000f4e80000,0x00000000f7a80000)
 ParOldGen       total 380928K, used 54687K [0x00000000c0000000, 0x00000000d7400000, 0x00000000eab00000)
  object space 380928K, 14% used [0x00000000c0000000,0x00000000c3567dd0,0x00000000d7400000)
 Metaspace       used 73494K, capacity 76198K, committed 76288K, reserved 1116160K
  class space    used 9834K, capacity 10452K, committed 10496K, reserved 1048576K
}
Event: 59.548 GC heap before
{Heap before GC invocations=28 (full 3):
 PSYoungGen      total 210432K, used 210417K [0x00000000eab00000, 0x00000000fa880000, 0x0000000100000000)
  eden space 167424K, 100% used [0x00000000eab00000,0x00000000f4e80000,0x00000000f4e80000)
  from space 43008K, 99% used [0x00000000f7a80000,0x00000000fa47c508,0x00000000fa480000)
  to   space 45056K, 0% used [0x00000000f4e80000,0x00000000f4e80000,0x00000000f7a80000)
 ParOldGen       total 380928K, used 54687K [0x00000000c0000000, 0x00000000d7400000, 0x00000000eab00000)
  object space 380928K, 14% used [0x00000000c0000000,0x00000000c3567dd0,0x00000000d7400000)
 Metaspace       used 73637K, capacity 76376K, committed 76544K, reserved 1116160K
  class space    used 9846K, capacity 10463K, committed 10496K, reserved 1048576K
Event: 59.625 GC heap after
Heap after GC invocations=28 (full 3):
 PSYoungGen      total 212480K, used 45040K [0x00000000eab00000, 0x00000000fa880000, 0x0000000100000000)
  eden space 167424K, 0% used [0x00000000eab00000,0x00000000eab00000,0x00000000f4e80000)
  from space 45056K, 99% used [0x00000000f4e80000,0x00000000f7a7c330,0x00000000f7a80000)
  to   space 43008K, 0% used [0x00000000f7a80000,0x00000000f7a80000,0x00000000fa480000)
 ParOldGen       total 380928K, used 76723K [0x00000000c0000000, 0x00000000d7400000, 0x00000000eab00000)
  object space 380928K, 20% used [0x00000000c0000000,0x00000000c4aecff0,0x00000000d7400000)
 Metaspace       used 73637K, capacity 76376K, committed 76544K, reserved 1116160K
  class space    used 9846K, capacity 10463K, committed 10496K, reserved 1048576K
}

